生成启动时间为 2015/8/7 17:21:07。
     1>项目“D:\visual_c\Item_Url\Item_Url\Item_Url.vcxproj”在节点 2 上(build 个目标)。
     1>InitializeBuildStatus:
         正在创建“Debug\Item_Url.unsuccessfulbuild”，因为已指定“AlwaysCreate”。
       ClCompile:
         D:\VisualStudio2010\VC\bin\CL.exe /c /ZI /nologo /W3 /WX- /Od /Oy- /D _MBCS /Gm /EHsc /RTC1 /MDd /GS /fp:precise /Zc:wchar_t /Zc:forScope /Fo"Debug\\" /Fd"Debug\vc100.pdb" /Gd /TP /analyze- /errorReport:prompt DownHtml.cpp
         DownHtml.cpp
     1>d:\visual_c\item_url\item_url\downhtml.cpp(47): warning C4390: “;”: 找到空的受控语句；这是否是有意的?
     1>d:\visual_c\item_url\item_url\downhtml.cpp(230): warning C4101: “memExp”: 未引用的局部变量
       Link:
         D:\VisualStudio2010\VC\bin\link.exe /ERRORREPORT:PROMPT /OUT:"D:\visual_c\Item_Url\Debug\Item_Url.exe" /NOLOGO kernel32.lib user32.lib gdi32.lib winspool.lib comdlg32.lib advapi32.lib shell32.lib ole32.lib oleaut32.lib uuid.lib odbc32.lib odbccp32.lib /MANIFEST /ManifestFile:"Debug\Item_Url.exe.intermediate.manifest" /MANIFESTUAC:"level='asInvoker' uiAccess='false'" /DEBUG /PDB:"D:\visual_c\Item_Url\Debug\Item_Url.pdb" /TLBID:1 /DYNAMICBASE /NXCOMPAT /IMPLIB:"D:\visual_c\Item_Url\Debug\Item_Url.lib" /MACHINE:X86 Debug\AhoCorasick.obj
         Debug\DownHtml.obj
         Debug\main.obj
         Debug\spider.obj
         LINK : 没有找到 D:\visual_c\Item_Url\Debug\Item_Url.exe 或上一个增量链接没有生成它；正在执行完全链接
         Item_Url.vcxproj -> D:\visual_c\Item_Url\Debug\Item_Url.exe
       Manifest:
         C:\Program Files (x86)\Microsoft SDKs\Windows\v7.0A\bin\mt.exe /nologo /verbose /outputresource:"D:\visual_c\Item_Url\Debug\Item_Url.exe;#1" /manifest Debug\Item_Url.exe.intermediate.manifest
       FinalizeBuildStatus:
         正在删除文件“Debug\Item_Url.unsuccessfulbuild”。
         正在对“Debug\Item_Url.lastbuildstate”执行 Touch 任务。
     1>已完成生成项目“D:\visual_c\Item_Url\Item_Url\Item_Url.vcxproj”(build 个目标)的操作。

生成成功。

已用时间 00:00:01.63
